Thu 16 Nov 16:00:01 +08 2017
Processing Kayak Activities...
Processing Bedok Reservoir
Processing Changi
Processing East Coast
Processing Jurong Lake
Processing Kallang
Processing Pasir Ris
Processing Sembawang
Processing Water Venture Section
Processing Lower Seletar
Output file has been saved successfully
Processing Kayak Courses...
Getting Operator Course Dates
Processing One Star Courses
Operator site is unavailable
    Step: Get a list of courses
    Operator: PA
    URL: https://one.pa.gov.sg/CRMSPortal/CRMSPortal.portal?_nfpb=true&_st=&_windowLabel=CRMSPortal_1&_urlType=render&_mode=view&wlpCRMSPortal_1_action=CMFShowClasses&_pageLabel=CRMSPortal_page_1&actionIndex=searchClassList&idProduct=727686
Not overwritting output file out-onestar.txt as operator site is down
Finished One Star Courses


Processing Two Star Courses
Traceback (most recent call last):
  File "/home/paddlesg/Paddle-SG_Scripts/GetAllCourses.py", line 10, in <module>
    processCourses("Two Star Courses", "https://one.pa.gov.sg/CRMSPortal/CRMSPortal.portal?_nfpb=true&_st=&_windowLabel=CRMSPortal_1&_urlType=render&_mode=view&wlpCRMSPortal_1_action=CMFShowClasses&_pageLabel=CRMSPortal_page_1&actionIndex=searchClassList&idProduct=727691", "PA", "out-twostar.txt")
  File "/home/paddlesg/Paddle-SG_Scripts/GetPACourses.py", line 166, in processCourses
    listOfAllCourses = getCourseListing(url, operator)
  File "/home/paddlesg/Paddle-SG_Scripts/GetPACourses.py", line 27, in getCourseListing
    allCoursesTags = allCoursesRaw.find_all("td")
AttributeError: 'NoneType' object has no attribute 'find_all'
Producing webpages...
Finished
Thu 16 Nov 16:00:38 +08 2017
